{"/Users/daimonknight/Desktop/SBCotton/Starter-Project/tap-ts-starter/src/parse-csv.ts": {"path":"/Users/daimonknight/Desktop/SBCotton/Starter-Project/tap-ts-starter/src/parse-csv.ts","statementMap":{"0":{"start":{"line":4,"column":10},"end":{"line":4,"column":40}},"1":{"start":{"line":5,"column":9},"end":{"line":5,"column":22}},"2":{"start":{"line":7,"column":14},"end":{"line":7,"column":40}},"3":{"start":{"line":8,"column":17},"end":{"line":8,"column":44}},"4":{"start":{"line":11,"column":1},"end":{"line":25,"column":3}},"5":{"start":{"line":12,"column":2},"end":{"line":24,"column":4}},"6":{"start":{"line":13,"column":3},"end":{"line":23,"column":4}},"7":{"start":{"line":20,"column":4},"end":{"line":20,"column":51}},"8":{"start":{"line":22,"column":4},"end":{"line":22,"column":65}}},"fnMap":{"0":{"name":"parseItem","decl":{"start":{"line":10,"column":6},"end":{"line":10,"column":25}},"loc":{"start":{"line":10,"column":38},"end":{"line":26,"column":1}}},"1":{"name":"(anonymous_1)","decl":{"start":{"line":11,"column":20},"end":{"line":11,"column":28}},"loc":{"start":{"line":11,"column":44},"end":{"line":25,"column":2}}},"2":{"name":"(anonymous_2)","decl":{"start":{"line":12,"column":12},"end":{"line":12,"column":20}},"loc":{"start":{"line":12,"column":42},"end":{"line":24,"column":3}}}},"branchMap":{"0":{"loc":{"start":{"line":13,"column":3},"end":{"line":23,"column":4}},"type":"if","locations":[{"start":{"line":13,"column":3},"end":{"line":23,"column":4}},{"start":{"line":13,"column":3},"end":{"line":23,"column":4}}]}},"s":{"0":1,"1":1,"2":1,"3":1,"4":0,"5":0,"6":0,"7":0,"8":0},"f":{"0":0,"1":0,"2":0},"b":{"0":[0,0]}}
,"/Users/daimonknight/Desktop/SBCotton/Starter-Project/tap-ts-starter/src/scan-dir.ts": {"path":"/Users/daimonknight/Desktop/SBCotton/Starter-Project/tap-ts-starter/src/scan-dir.ts","statementMap":{"0":{"start":{"line":10,"column":10},"end":{"line":10,"column":40}},"1":{"start":{"line":11,"column":9},"end":{"line":11,"column":22}},"2":{"start":{"line":14,"column":21},"end":{"line":14,"column":47}},"3":{"start":{"line":24,"column":15},"end":{"line":24,"column":32}},"4":{"start":{"line":25,"column":14},"end":{"line":25,"column":30}},"5":{"start":{"line":26,"column":16},"end":{"line":26,"column":34}},"6":{"start":{"line":28,"column":20},"end":{"line":28,"column":24}},"7":{"start":{"line":30,"column":2},"end":{"line":65,"column":6}},"8":{"start":{"line":33,"column":6},"end":{"line":43,"column":7}},"9":{"start":{"line":36,"column":10},"end":{"line":41,"column":14}},"10":{"start":{"line":40,"column":14},"end":{"line":40,"column":35}},"11":{"start":{"line":46,"column":6},"end":{"line":46,"column":45}},"12":{"start":{"line":46,"column":34},"end":{"line":46,"column":45}},"13":{"start":{"line":48,"column":17},"end":{"line":48,"column":44}},"14":{"start":{"line":51,"column":6},"end":{"line":51,"column":79}},"15":{"start":{"line":51,"column":24},"end":{"line":51,"column":79}},"16":{"start":{"line":52,"column":6},"end":{"line":52,"column":40}},"17":{"start":{"line":55,"column":6},"end":{"line":55,"column":39}},"18":{"start":{"line":58,"column":6},"end":{"line":60,"column":8}},"19":{"start":{"line":59,"column":8},"end":{"line":59,"column":46}},"20":{"start":{"line":64,"column":6},"end":{"line":64,"column":23}}},"fnMap":{"0":{"name":"scanDir","decl":{"start":{"line":23,"column":6},"end":{"line":23,"column":23}},"loc":{"start":{"line":23,"column":52},"end":{"line":66,"column":1}}},"1":{"name":"(anonymous_1)","decl":{"start":{"line":32,"column":10},"end":{"line":32,"column":18}},"loc":{"start":{"line":32,"column":27},"end":{"line":44,"column":5}}},"2":{"name":"(anonymous_2)","decl":{"start":{"line":35,"column":21},"end":{"line":35,"column":29}},"loc":{"start":{"line":35,"column":43},"end":{"line":42,"column":9}}},"3":{"name":"(anonymous_3)","decl":{"start":{"line":38,"column":18},"end":{"line":38,"column":26}},"loc":{"start":{"line":38,"column":33},"end":{"line":41,"column":13}}},"4":{"name":"(anonymous_4)","decl":{"start":{"line":45,"column":10},"end":{"line":45,"column":18}},"loc":{"start":{"line":45,"column":29},"end":{"line":65,"column":5}}},"5":{"name":"(anonymous_5)","decl":{"start":{"line":58,"column":25},"end":{"line":58,"column":33}},"loc":{"start":{"line":58,"column":48},"end":{"line":60,"column":7}}}},"branchMap":{"0":{"loc":{"start":{"line":46,"column":6},"end":{"line":46,"column":45}},"type":"if","locations":[{"start":{"line":46,"column":6},"end":{"line":46,"column":45}},{"start":{"line":46,"column":6},"end":{"line":46,"column":45}}]},"1":{"loc":{"start":{"line":51,"column":6},"end":{"line":51,"column":79}},"type":"if","locations":[{"start":{"line":51,"column":6},"end":{"line":51,"column":79}},{"start":{"line":51,"column":6},"end":{"line":51,"column":79}}]}},"s":{"0":1,"1":1,"2":1,"3":0,"4":0,"5":0,"6":0,"7":0,"8":0,"9":0,"10":0,"11":0,"12":0,"13":0,"14":0,"15":0,"16":0,"17":0,"18":0,"19":0,"20":0},"f":{"0":0,"1":0,"2":0,"3":0,"4":0,"5":0},"b":{"0":[0,0],"1":[0,0]}}
,"/Users/daimonknight/Desktop/SBCotton/Starter-Project/tap-ts-starter/src/tap-load-config.ts": {"path":"/Users/daimonknight/Desktop/SBCotton/Starter-Project/tap-ts-starter/src/tap-load-config.ts","statementMap":{"0":{"start":{"line":11,"column":13},"end":{"line":11,"column":34}},"1":{"start":{"line":12,"column":2},"end":{"line":27,"column":3}},"2":{"start":{"line":13,"column":4},"end":{"line":15,"column":5}},"3":{"start":{"line":16,"column":4},"end":{"line":18,"column":6}},"4":{"start":{"line":17,"column":6},"end":{"line":17,"column":52}},"5":{"start":{"line":20,"column":4},"end":{"line":26,"column":6}},"6":{"start":{"line":21,"column":40},"end":{"line":21,"column":69}},"7":{"start":{"line":25,"column":6},"end":{"line":25,"column":31}}},"fnMap":{"0":{"name":"loadConfig","decl":{"start":{"line":10,"column":6},"end":{"line":null,"column":-1}},"loc":{"start":{"line":10,"column":6},"end":{"line":28,"column":1}}},"1":{"name":"(anonymous_1)","decl":{"start":{"line":16,"column":23},"end":{"line":16,"column":31}},"loc":{"start":{"line":16,"column":47},"end":{"line":18,"column":5}}},"2":{"name":"(anonymous_2)","decl":{"start":{"line":20,"column":38},"end":{"line":20,"column":46}},"loc":{"start":{"line":20,"column":61},"end":{"line":26,"column":5}}}},"branchMap":{"0":{"loc":{"start":{"line":12,"column":2},"end":{"line":27,"column":3}},"type":"if","locations":[{"start":{"line":12,"column":2},"end":{"line":27,"column":3}},{"start":{"line":12,"column":2},"end":{"line":27,"column":3}}]}},"s":{"0":1,"1":1,"2":1,"3":1,"4":1,"5":0,"6":0,"7":0},"f":{"0":1,"1":1,"2":0},"b":{"0":[1,0]}}
,"/Users/daimonknight/Desktop/SBCotton/Starter-Project/tap-ts-starter/src/tap-ts-starter.ts": {"path":"/Users/daimonknight/Desktop/SBCotton/Starter-Project/tap-ts-starter/src/tap-ts-starter.ts","statementMap":{"0":{"start":{"line":4,"column":0},"end":{"line":47,"column":-1}},"1":{"start":{"line":4,"column":0},"end":{"line":4,"column":33}},"2":{"start":{"line":4,"column":33},"end":{"line":4,"column":34}},"3":{"start":{"line":6,"column":0},"end":{"line":8,"column":1}},"4":{"start":{"line":21,"column":19},"end":{"line":33,"column":1}},"5":{"start":{"line":23,"column":20},"end":{"line":23,"column":51}},"6":{"start":{"line":23,"column":7},"end":{"line":23,"column":51}},"7":{"start":{"line":25,"column":4},"end":{"line":25,"column":58}},"8":{"start":{"line":27,"column":8},"end":{"line":31,"column":5}},"9":{"start":{"line":29,"column":6},"end":{"line":29,"column":37}},"10":{"start":{"line":30,"column":6},"end":{"line":30,"column":18}},"11":{"start":{"line":34,"column":0},"end":{"line":34,"column":13}}},"fnMap":{"0":{"name":"(anonymous_12)","decl":{"start":{"line":4,"column":0},"end":{"line":null,"column":-1}},"loc":{"start":{"line":4,"column":0},"end":{"line":4,"column":-1}}},"1":{"name":"(anonymous_14)","decl":{"start":{"line":21,"column":19},"end":{"line":null,"column":-1}},"loc":{"start":{"line":21,"column":19},"end":{"line":33,"column":1}}},"2":{"name":"(anonymous_17)","decl":{"start":{"line":27,"column":16},"end":{"line":27,"column":16}},"loc":{"start":{"line":27,"column":27},"end":{"line":31,"column":5}}}},"branchMap":{},"s":{"0":1,"1":1,"2":1,"3":1,"4":1,"5":1,"6":1,"7":0,"8":1,"9":0,"10":0,"11":1},"f":{"0":2,"1":1,"2":0},"b":{}}
,"/Users/daimonknight/Desktop/SBCotton/Starter-Project/tap-ts-starter/src/tap-types.ts": {"path":"/Users/daimonknight/Desktop/SBCotton/Starter-Project/tap-ts-starter/src/tap-types.ts","statementMap":{"0":{"start":{"line":26,"column":0},"end":{"line":41,"column":0}},"1":{"start":{"line":27,"column":11},"end":{"line":27,"column":34}},"2":{"start":{"line":41,"column":0},"end":{"line":41,"column":1}},"3":{"start":{"line":45,"column":0},"end":{"line":53,"column":0}},"4":{"start":{"line":46,"column":11},"end":{"line":46,"column":34}},"5":{"start":{"line":53,"column":0},"end":{"line":53,"column":1}},"6":{"start":{"line":57,"column":0},"end":{"line":62,"column":0}},"7":{"start":{"line":58,"column":11},"end":{"line":58,"column":33}},"8":{"start":{"line":62,"column":0},"end":{"line":62,"column":1}}},"fnMap":{"0":{"name":"(anonymous_0)","decl":{"start":{"line":26,"column":0},"end":{"line":null,"column":-1}},"loc":{"start":{"line":26,"column":0},"end":{"line":26,"column":-1}}},"1":{"name":"(anonymous_2)","decl":{"start":{"line":45,"column":0},"end":{"line":null,"column":-1}},"loc":{"start":{"line":45,"column":0},"end":{"line":45,"column":-1}}},"2":{"name":"(anonymous_4)","decl":{"start":{"line":57,"column":0},"end":{"line":null,"column":-1}},"loc":{"start":{"line":57,"column":0},"end":{"line":57,"column":-1}}}},"branchMap":{},"s":{"0":1,"1":0,"2":1,"3":1,"4":0,"5":1,"6":1,"7":0,"8":1},"f":{"0":1,"1":1,"2":1},"b":{}}
}
