TN:
SF:/Users/daimonknight/Desktop/SBCotton/Starter-Project/tap-ts-starter/src/parse-csv.ts
FN:10,parseItem
FN:11,(anonymous_1)
FN:12,(anonymous_2)
FNF:3
FNH:0
FNDA:0,parseItem
FNDA:0,(anonymous_1)
FNDA:0,(anonymous_2)
DA:4,1
DA:5,1
DA:7,1
DA:8,1
DA:11,0
DA:12,0
DA:13,0
DA:20,0
DA:22,0
LF:9
LH:4
BRDA:13,0,0,0
BRDA:13,0,1,0
BRF:2
BRH:0
end_of_record
TN:
SF:/Users/daimonknight/Desktop/SBCotton/Starter-Project/tap-ts-starter/src/scan-dir.ts
FN:23,scanDir
FN:32,(anonymous_1)
FN:35,(anonymous_2)
FN:38,(anonymous_3)
FN:45,(anonymous_4)
FN:58,(anonymous_5)
FNF:6
FNH:0
FNDA:0,scanDir
FNDA:0,(anonymous_1)
FNDA:0,(anonymous_2)
FNDA:0,(anonymous_3)
FNDA:0,(anonymous_4)
FNDA:0,(anonymous_5)
DA:10,1
DA:11,1
DA:14,1
DA:24,0
DA:25,0
DA:26,0
DA:28,0
DA:30,0
DA:33,0
DA:36,0
DA:40,0
DA:46,0
DA:48,0
DA:51,0
DA:52,0
DA:55,0
DA:58,0
DA:59,0
DA:64,0
LF:19
LH:3
BRDA:46,0,0,0
BRDA:46,0,1,0
BRDA:51,1,0,0
BRDA:51,1,1,0
BRF:4
BRH:0
end_of_record
TN:
SF:/Users/daimonknight/Desktop/SBCotton/Starter-Project/tap-ts-starter/src/tap-load-config.ts
FN:10,loadConfig
FN:16,(anonymous_1)
FN:20,(anonymous_2)
FNF:3
FNH:2
FNDA:1,loadConfig
FNDA:1,(anonymous_1)
FNDA:0,(anonymous_2)
DA:11,1
DA:12,1
DA:13,1
DA:16,1
DA:17,1
DA:20,0
DA:21,0
DA:25,0
LF:8
LH:5
BRDA:12,0,0,1
BRDA:12,0,1,0
BRF:2
BRH:1
end_of_record
TN:
SF:/Users/daimonknight/Desktop/SBCotton/Starter-Project/tap-ts-starter/src/tap-ts-starter.ts
FN:4,(anonymous_12)
FN:21,(anonymous_14)
FN:27,(anonymous_17)
FNF:3
FNH:2
FNDA:2,(anonymous_12)
FNDA:1,(anonymous_14)
FNDA:0,(anonymous_17)
DA:4,1
DA:6,1
DA:21,1
DA:23,1
DA:25,0
DA:27,1
DA:29,0
DA:30,0
DA:34,1
LF:9
LH:6
BRF:0
BRH:0
end_of_record
TN:
SF:/Users/daimonknight/Desktop/SBCotton/Starter-Project/tap-ts-starter/src/tap-types.ts
FN:26,(anonymous_0)
FN:45,(anonymous_2)
FN:57,(anonymous_4)
FNF:3
FNH:3
FNDA:1,(anonymous_0)
FNDA:1,(anonymous_2)
FNDA:1,(anonymous_4)
DA:26,1
DA:27,0
DA:41,1
DA:45,1
DA:46,0
DA:53,1
DA:57,1
DA:58,0
DA:62,1
LF:9
LH:6
BRF:0
BRH:0
end_of_record
